# JRE version: Java(TM) SE Runtime Environment (17.0.7+8) (build 17.0.7+8-LTS-224)
# Java VM: Java HotSpot(TM) 64-Bit Server VM (17.0.7+8-LTS-224, mixed mode, sharing, tiered, compressed oops, compressed class ptrs, g1 gc, windows-amd64)
GC Precious Log:
 CPUs: 8 total, 8 available
 Memory: 6056M
 Large Page Support: Disabled
 NUMA Support: Disabled
 Compressed Oops: Enabled (32-bit)
 Heap Region Size: 1M
 Heap Min Capacity: 8M
 Heap Initial Capacity: 96M
 Heap Max Capacity: 1516M
 Pre-touch: Disabled
 Parallel Workers: 8
 Concurrent Workers: 2
 Concurrent Refinement Workers: 8
 Periodic GC: Disabled
Heap:
 garbage-first heap   total 67584K, used 32630K [0x00000000a1400000, 0x0000000100000000)
  region size 1024K, 3 young (3072K), 1 survivors (1024K)
 Metaspace       used 63235K, committed 63808K, reserved 1105920K
  class space    used 8587K, committed 8832K, reserved 1048576K
GC Heap History (20 events):
Event: 16.239 GC heap before
{Heap before GC invocations=10 (full 0):
 garbage-first heap   total 51200K, used 38482K [0x00000000a1400000, 0x0000000100000000)
  region size 1024K, 20 young (20480K), 2 survivors (2048K)
 Metaspace       used 40930K, committed 41408K, reserved 1089536K
  class space    used 5333K, committed 5568K, reserved 1048576K
}
Event: 16.243 GC heap after
{Heap after GC invocations=11 (full 0):
 garbage-first heap   total 51200K, used 22754K [0x00000000a1400000, 0x0000000100000000)
  region size 1024K, 3 young (3072K), 3 survivors (3072K)
 Metaspace       used 40930K, committed 41408K, reserved 1089536K
  class space    used 5333K, committed 5568K, reserved 1048576K
}
Event: 16.726 GC heap before
{Heap before GC invocations=11 (full 0):
 garbage-first heap   total 51200K, used 38114K [0x00000000a1400000, 0x0000000100000000)
  region size 1024K, 19 young (19456K), 3 survivors (3072K)
 Metaspace       used 44708K, committed 45184K, reserved 1089536K
  class space    used 5865K, committed 6080K, reserved 1048576K
}
Event: 16.729 GC heap after
{Heap after GC invocations=12 (full 0):
 garbage-first heap   total 51200K, used 24408K [0x00000000a1400000, 0x0000000100000000)
  region size 1024K, 2 young (2048K), 2 survivors (2048K)
 Metaspace       used 44708K, committed 45184K, reserved 1089536K
  class space    used 5865K, committed 6080K, reserved 1048576K
}
Event: 17.152 GC heap before
{Heap before GC invocations=12 (full 0):
 garbage-first heap   total 51200K, used 39768K [0x00000000a1400000, 0x0000000100000000)
  region size 1024K, 17 young (17408K), 2 survivors (2048K)
 Metaspace       used 49194K, committed 49600K, reserved 1097728K
  class space    used 6519K, committed 6720K, reserved 1048576K
}
Event: 17.155 GC heap after
{Heap after GC invocations=13 (full 0):
 garbage-first heap   total 51200K, used 25139K [0x00000000a1400000, 0x0000000100000000)
  region size 1024K, 1 young (1024K), 1 survivors (1024K)
 Metaspace       used 49194K, committed 49600K, reserved 1097728K
  class space    used 6519K, committed 6720K, reserved 1048576K
}
Event: 17.543 GC heap before
{Heap before GC invocations=14 (full 0):
 garbage-first heap   total 51200K, used 39475K [0x00000000a1400000, 0x0000000100000000)
  region size 1024K, 16 young (16384K), 1 survivors (1024K)
 Metaspace       used 51546K, committed 52032K, reserved 1097728K
  class space    used 7007K, committed 7232K, reserved 1048576K
}
Event: 17.545 GC heap after
{Heap after GC invocations=15 (full 0):
 garbage-first heap   total 51200K, used 25652K [0x00000000a1400000, 0x0000000100000000)
  region size 1024K, 2 young (2048K), 2 survivors (2048K)
 Metaspace       used 51546K, committed 52032K, reserved 1097728K
  class space    used 7007K, committed 7232K, reserved 1048576K
}
Event: 18.175 GC heap before
{Heap before GC invocations=15 (full 0):
 garbage-first heap   total 51200K, used 41012K [0x00000000a1400000, 0x0000000100000000)
  region size 1024K, 17 young (17408K), 2 survivors (2048K)
 Metaspace       used 54650K, committed 55168K, reserved 1097728K
  class space    used 7434K, committed 7680K, reserved 1048576K
}
Event: 18.178 GC heap after
{Heap after GC invocations=16 (full 0):
 garbage-first heap   total 51200K, used 26197K [0x00000000a1400000, 0x0000000100000000)
  region size 1024K, 2 young (2048K), 2 survivors (2048K)
 Metaspace       used 54650K, committed 55168K, reserved 1097728K
  class space    used 7434K, committed 7680K, reserved 1048576K
}
Event: 18.509 GC heap before
{Heap before GC invocations=17 (full 0):
 garbage-first heap   total 51200K, used 41557K [0x00000000a1400000, 0x0000000100000000)
  region size 1024K, 17 young (17408K), 2 survivors (2048K)
 Metaspace       used 57222K, committed 57728K, reserved 1105920K
  class space    used 7774K, committed 8000K, reserved 1048576K
}
Event: 18.513 GC heap after
{Heap after GC invocations=18 (full 0):
 garbage-first heap   total 51200K, used 27620K [0x00000000a1400000, 0x0000000100000000)
  region size 1024K, 3 young (3072K), 3 survivors (3072K)
 Metaspace       used 57222K, committed 57728K, reserved 1105920K
  class space    used 7774K, committed 8000K, reserved 1048576K
}
Event: 18.739 GC heap before
{Heap before GC invocations=18 (full 0):
 garbage-first heap   total 51200K, used 41956K [0x00000000a1400000, 0x0000000100000000)
  region size 1024K, 17 young (17408K), 3 survivors (3072K)
 Metaspace       used 58607K, committed 59136K, reserved 1105920K
  class space    used 7964K, committed 8192K, reserved 1048576K
}
Event: 18.743 GC heap after
{Heap after GC invocations=19 (full 0):
 garbage-first heap   total 51200K, used 28460K [0x00000000a1400000, 0x0000000100000000)
  region size 1024K, 3 young (3072K), 3 survivors (3072K)
 Metaspace       used 58607K, committed 59136K, reserved 1105920K
  class space    used 7964K, committed 8192K, reserved 1048576K
}
Event: 19.012 GC heap before
{Heap before GC invocations=20 (full 0):
 garbage-first heap   total 51200K, used 41772K [0x00000000a1400000, 0x0000000100000000)
  region size 1024K, 16 young (16384K), 3 survivors (3072K)
 Metaspace       used 60216K, committed 60672K, reserved 1105920K
  class space    used 8196K, committed 8384K, reserved 1048576K
}
Event: 19.016 GC heap after
{Heap after GC invocations=21 (full 0):
 garbage-first heap   total 51200K, used 29584K [0x00000000a1400000, 0x0000000100000000)
  region size 1024K, 2 young (2048K), 2 survivors (2048K)
 Metaspace       used 60216K, committed 60672K, reserved 1105920K
  class space    used 8196K, committed 8384K, reserved 1048576K
}
Event: 19.385 GC heap before
{Heap before GC invocations=21 (full 0):
 garbage-first heap   total 51200K, used 41872K [0x00000000a1400000, 0x0000000100000000)
  region size 1024K, 14 young (14336K), 2 survivors (2048K)
 Metaspace       used 61456K, committed 62016K, reserved 1105920K
  class space    used 8362K, committed 8640K, reserved 1048576K
}
Event: 19.388 GC heap after
{Heap after GC invocations=22 (full 0):
 garbage-first heap   total 51200K, used 31066K [0x00000000a1400000, 0x0000000100000000)
  region size 1024K, 2 young (2048K), 2 survivors (2048K)
 Metaspace       used 61456K, committed 62016K, reserved 1105920K
  class space    used 8362K, committed 8640K, reserved 1048576K
}
Event: 39.397 GC heap before
{Heap before GC invocations=23 (full 0):
 garbage-first heap   total 56320K, used 40282K [0x00000000a1400000, 0x0000000100000000)
  region size 1024K, 12 young (12288K), 2 survivors (2048K)
 Metaspace       used 63012K, committed 63616K, reserved 1105920K
  class space    used 8553K, committed 8832K, reserved 1048576K
}
Event: 39.401 GC heap after
{Heap after GC invocations=24 (full 0):
 garbage-first heap   total 67584K, used 31606K [0x00000000a1400000, 0x0000000100000000)
  region size 1024K, 1 young (1024K), 1 survivors (1024K)
 Metaspace       used 63012K, committed 63616K, reserved 1105920K
  class space    used 8553K, committed 8832K, reserved 1048576K
}

